# Logfile created on 2019-12-01 23:18:10 -0500 by logger.rb/56815
2019-12-02T04:18:12.317Z 21938 TID-gr7xjymoy INFO: Booting Sidekiq 5.2.7 with redis options {:url=>"redis://localhost:6379/0", :id=>"Sidekiq-server-PID-21938"}
'production' database is not configured. Available: ["default", "development"]
/home/carrieta/.rvm/gems/ruby-2.4.0/gems/activerecord-5.2.3/lib/active_record/connection_adapters/connection_specification.rb:260:in `resolve_symbol_connection'
/home/carrieta/.rvm/gems/ruby-2.4.0/gems/activerecord-5.2.3/lib/active_record/connection_adapters/connection_specification.rb:241:in `resolve_connection'
/home/carrieta/.rvm/gems/ruby-2.4.0/gems/activerecord-5.2.3/lib/active_record/connection_adapters/connection_specification.rb:143:in `resolve'
/home/carrieta/.rvm/gems/ruby-2.4.0/gems/activerecord-5.2.3/lib/active_record/connection_handling.rb:57:in `establish_connection'
/home/carrieta/.rvm/gems/ruby-2.4.0/gems/activerecord-5.2.3/lib/active_record/railtie.rb:136:in `block (2 levels) in <class:Railtie>'
/home/carrieta/.rvm/gems/ruby-2.4.0/gems/activesupport-5.2.3/lib/active_support/lazy_load_hooks.rb:71:in `instance_eval'
/home/carrieta/.rvm/gems/ruby-2.4.0/gems/activesupport-5.2.3/lib/active_support/lazy_load_hooks.rb:71:in `block in execute_hook'
/home/carrieta/.rvm/gems/ruby-2.4.0/gems/activesupport-5.2.3/lib/active_support/lazy_load_hooks.rb:62:in `with_execution_control'
/home/carrieta/.rvm/gems/ruby-2.4.0/gems/activesupport-5.2.3/lib/active_support/lazy_load_hooks.rb:67:in `execute_hook'
/home/carrieta/.rvm/gems/ruby-2.4.0/gems/activesupport-5.2.3/lib/active_support/lazy_load_hooks.rb:52:in `block in run_load_hooks'
/home/carrieta/.rvm/gems/ruby-2.4.0/gems/activesupport-5.2.3/lib/active_support/lazy_load_hooks.rb:51:in `each'
/home/carrieta/.rvm/gems/ruby-2.4.0/gems/activesupport-5.2.3/lib/active_support/lazy_load_hooks.rb:51:in `run_load_hooks'
/home/carrieta/.rvm/gems/ruby-2.4.0/gems/activerecord-5.2.3/lib/active_record/base.rb:328:in `<module:ActiveRecord>'
/home/carrieta/.rvm/gems/ruby-2.4.0/gems/activerecord-5.2.3/lib/active_record/base.rb:27:in `<main>'
/home/carrieta/.rvm/gems/ruby-2.4.0/gems/bootsnap-1.4.5/lib/bootsnap/load_path_cache/core_ext/kernel_require.rb:22:in `require'
/home/carrieta/.rvm/gems/ruby-2.4.0/gems/bootsnap-1.4.5/lib/bootsnap/load_path_cache/core_ext/kernel_require.rb:22:in `block in require_with_bootsnap_lfi'
/home/carrieta/.rvm/gems/ruby-2.4.0/gems/bootsnap-1.4.5/lib/bootsnap/load_path_cache/loaded_features_index.rb:92:in `register'
/home/carrieta/.rvm/gems/ruby-2.4.0/gems/bootsnap-1.4.5/lib/bootsnap/load_path_cache/core_ext/kernel_require.rb:21:in `require_with_bootsnap_lfi'
/home/carrieta/.rvm/gems/ruby-2.4.0/gems/bootsnap-1.4.5/lib/bootsnap/load_path_cache/core_ext/kernel_require.rb:30:in `require'
/home/carrieta/.rvm/gems/ruby-2.4.0/gems/activesupport-5.2.3/lib/active_support/dependencies.rb:291:in `block in require'
/home/carrieta/.rvm/gems/ruby-2.4.0/gems/activesupport-5.2.3/lib/active_support/dependencies.rb:257:in `load_dependency'
/home/carrieta/.rvm/gems/ruby-2.4.0/gems/activesupport-5.2.3/lib/active_support/dependencies.rb:291:in `require'
/home/carrieta/Desarrollo/www/RubyOnRails/soccerapp/app/models/application_record.rb:1:in `<main>'
/home/carrieta/.rvm/gems/ruby-2.4.0/gems/bootsnap-1.4.5/lib/bootsnap/load_path_cache/core_ext/kernel_require.rb:22:in `require'
/home/carrieta/.rvm/gems/ruby-2.4.0/gems/bootsnap-1.4.5/lib/bootsnap/load_path_cache/core_ext/kernel_require.rb:22:in `block in require_with_bootsnap_lfi'
/home/carrieta/.rvm/gems/ruby-2.4.0/gems/bootsnap-1.4.5/lib/bootsnap/load_path_cache/loaded_features_index.rb:92:in `register'
/home/carrieta/.rvm/gems/ruby-2.4.0/gems/bootsnap-1.4.5/lib/bootsnap/load_path_cache/core_ext/kernel_require.rb:21:in `require_with_bootsnap_lfi'
/home/carrieta/.rvm/gems/ruby-2.4.0/gems/bootsnap-1.4.5/lib/bootsnap/load_path_cache/core_ext/kernel_require.rb:30:in `require'
/home/carrieta/.rvm/gems/ruby-2.4.0/gems/activesupport-5.2.3/lib/active_support/dependencies.rb:291:in `block in require'
/home/carrieta/.rvm/gems/ruby-2.4.0/gems/activesupport-5.2.3/lib/active_support/dependencies.rb:257:in `load_dependency'
/home/carrieta/.rvm/gems/ruby-2.4.0/gems/activesupport-5.2.3/lib/active_support/dependencies.rb:291:in `require'
/home/carrieta/.rvm/gems/ruby-2.4.0/gems/activesupport-5.2.3/lib/active_support/dependencies.rb:378:in `block in require_or_load'
/home/carrieta/.rvm/gems/ruby-2.4.0/gems/activesupport-5.2.3/lib/active_support/dependencies.rb:37:in `block in load_interlock'
/home/carrieta/.rvm/gems/ruby-2.4.0/gems/activesupport-5.2.3/lib/active_support/dependencies/interlock.rb:14:in `block in loading'
/home/carrieta/.rvm/gems/ruby-2.4.0/gems/activesupport-5.2.3/lib/active_support/concurrency/share_lock.rb:151:in `exclusive'
/home/carrieta/.rvm/gems/ruby-2.4.0/gems/activesupport-5.2.3/lib/active_support/dependencies/interlock.rb:13:in `loading'
/home/carrieta/.rvm/gems/ruby-2.4.0/gems/activesupport-5.2.3/lib/active_support/dependencies.rb:37:in `load_interlock'
/home/carrieta/.rvm/gems/ruby-2.4.0/gems/activesupport-5.2.3/lib/active_support/dependencies.rb:356:in `require_or_load'
/home/carrieta/.rvm/gems/ruby-2.4.0/gems/bootsnap-1.4.5/lib/bootsnap/load_path_cache/core_ext/active_support.rb:48:in `block in require_or_load'
/home/carrieta/.rvm/gems/ruby-2.4.0/gems/bootsnap-1.4.5/lib/bootsnap/load_path_cache/core_ext/active_support.rb:16:in `allow_bootsnap_retry'
/home/carrieta/.rvm/gems/ruby-2.4.0/gems/bootsnap-1.4.5/lib/bootsnap/load_path_cache/core_ext/active_support.rb:47:in `require_or_load'
/home/carrieta/.rvm/gems/ruby-2.4.0/gems/activesupport-5.2.3/lib/active_support/dependencies.rb:510:in `load_missing_constant'
/home/carrieta/.rvm/gems/ruby-2.4.0/gems/bootsnap-1.4.5/lib/bootsnap/load_path_cache/core_ext/active_support.rb:60:in `block in load_missing_constant'
/home/carrieta/.rvm/gems/ruby-2.4.0/gems/bootsnap-1.4.5/lib/bootsnap/load_path_cache/core_ext/active_support.rb:16:in `allow_bootsnap_retry'
/home/carrieta/.rvm/gems/ruby-2.4.0/gems/bootsnap-1.4.5/lib/bootsnap/load_path_cache/core_ext/active_support.rb:59:in `load_missing_constant'
/home/carrieta/.rvm/gems/ruby-2.4.0/gems/activesupport-5.2.3/lib/active_support/dependencies.rb:195:in `const_missing'
/home/carrieta/Desarrollo/www/RubyOnRails/soccerapp/app/models/user.rb:17:in `<main>'
/home/carrieta/.rvm/gems/ruby-2.4.0/gems/bootsnap-1.4.5/lib/bootsnap/load_path_cache/core_ext/kernel_require.rb:22:in `require'
/home/carrieta/.rvm/gems/ruby-2.4.0/gems/bootsnap-1.4.5/lib/bootsnap/load_path_cache/core_ext/kernel_require.rb:22:in `block in require_with_bootsnap_lfi'
/home/carrieta/.rvm/gems/ruby-2.4.0/gems/bootsnap-1.4.5/lib/bootsnap/load_path_cache/loaded_features_index.rb:92:in `register'
/home/carrieta/.rvm/gems/ruby-2.4.0/gems/bootsnap-1.4.5/lib/bootsnap/load_path_cache/core_ext/kernel_require.rb:21:in `require_with_bootsnap_lfi'
/home/carrieta/.rvm/gems/ruby-2.4.0/gems/bootsnap-1.4.5/lib/bootsnap/load_path_cache/core_ext/kernel_require.rb:30:in `require'
/home/carrieta/.rvm/gems/ruby-2.4.0/gems/activesupport-5.2.3/lib/active_support/dependencies.rb:291:in `block in require'
/home/carrieta/.rvm/gems/ruby-2.4.0/gems/activesupport-5.2.3/lib/active_support/dependencies.rb:257:in `load_dependency'
/home/carrieta/.rvm/gems/ruby-2.4.0/gems/activesupport-5.2.3/lib/active_support/dependencies.rb:291:in `require'
/home/carrieta/.rvm/gems/ruby-2.4.0/gems/activesupport-5.2.3/lib/active_support/dependencies.rb:378:in `block in require_or_load'
/home/carrieta/.rvm/gems/ruby-2.4.0/gems/activesupport-5.2.3/lib/active_support/dependencies.rb:37:in `block in load_interlock'
/home/carrieta/.rvm/gems/ruby-2.4.0/gems/activesupport-5.2.3/lib/active_support/dependencies/interlock.rb:14:in `block in loading'
/home/carrieta/.rvm/gems/ruby-2.4.0/gems/activesupport-5.2.3/lib/active_support/concurrency/share_lock.rb:151:in `exclusive'
/home/carrieta/.rvm/gems/ruby-2.4.0/gems/activesupport-5.2.3/lib/active_support/dependencies/interlock.rb:13:in `loading'
/home/carrieta/.rvm/gems/ruby-2.4.0/gems/activesupport-5.2.3/lib/active_support/dependencies.rb:37:in `load_interlock'
/home/carrieta/.rvm/gems/ruby-2.4.0/gems/activesupport-5.2.3/lib/active_support/dependencies.rb:356:in `require_or_load'
/home/carrieta/.rvm/gems/ruby-2.4.0/gems/bootsnap-1.4.5/lib/bootsnap/load_path_cache/core_ext/active_support.rb:48:in `block in require_or_load'
/home/carrieta/.rvm/gems/ruby-2.4.0/gems/bootsnap-1.4.5/lib/bootsnap/load_path_cache/core_ext/active_support.rb:16:in `allow_bootsnap_retry'
/home/carrieta/.rvm/gems/ruby-2.4.0/gems/bootsnap-1.4.5/lib/bootsnap/load_path_cache/core_ext/active_support.rb:47:in `require_or_load'
/home/carrieta/.rvm/gems/ruby-2.4.0/gems/activesupport-5.2.3/lib/active_support/dependencies.rb:510:in `load_missing_constant'
/home/carrieta/.rvm/gems/ruby-2.4.0/gems/bootsnap-1.4.5/lib/bootsnap/load_path_cache/core_ext/active_support.rb:60:in `block in load_missing_constant'
/home/carrieta/.rvm/gems/ruby-2.4.0/gems/bootsnap-1.4.5/lib/bootsnap/load_path_cache/core_ext/active_support.rb:16:in `allow_bootsnap_retry'
/home/carrieta/.rvm/gems/ruby-2.4.0/gems/bootsnap-1.4.5/lib/bootsnap/load_path_cache/core_ext/active_support.rb:59:in `load_missing_constant'
/home/carrieta/.rvm/gems/ruby-2.4.0/gems/activesupport-5.2.3/lib/active_support/dependencies.rb:195:in `const_missing'
/home/carrieta/.rvm/gems/ruby-2.4.0/gems/activesupport-5.2.3/lib/active_support/inflector/methods.rb:283:in `const_get'
/home/carrieta/.rvm/gems/ruby-2.4.0/gems/activesupport-5.2.3/lib/active_support/inflector/methods.rb:283:in `block in constantize'
/home/carrieta/.rvm/gems/ruby-2.4.0/gems/activesupport-5.2.3/lib/active_support/inflector/methods.rb:281:in `each'
/home/carrieta/.rvm/gems/ruby-2.4.0/gems/activesupport-5.2.3/lib/active_support/inflector/methods.rb:281:in `inject'
/home/carrieta/.rvm/gems/ruby-2.4.0/gems/activesupport-5.2.3/lib/active_support/inflector/methods.rb:281:in `constantize'
/home/carrieta/.rvm/gems/ruby-2.4.0/gems/activesupport-5.2.3/lib/active_support/dependencies.rb:582:in `get'
/home/carrieta/.rvm/gems/ruby-2.4.0/gems/activesupport-5.2.3/lib/active_support/dependencies.rb:613:in `constantize'
/home/carrieta/.rvm/gems/ruby-2.4.0/gems/devise-4.7.1/lib/devise.rb:320:in `get'
/home/carrieta/.rvm/gems/ruby-2.4.0/gems/devise-4.7.1/lib/devise/mapping.rb:83:in `to'
/home/carrieta/.rvm/gems/ruby-2.4.0/gems/devise-4.7.1/lib/devise/mapping.rb:78:in `modules'
/home/carrieta/.rvm/gems/ruby-2.4.0/gems/devise-4.7.1/lib/devise/mapping.rb:95:in `routes'
/home/carrieta/.rvm/gems/ruby-2.4.0/gems/devise-4.7.1/lib/devise/mapping.rb:162:in `default_used_route'
/home/carrieta/.rvm/gems/ruby-2.4.0/gems/devise-4.7.1/lib/devise/mapping.rb:72:in `initialize'
/home/carrieta/.rvm/gems/ruby-2.4.0/gems/devise-4.7.1/lib/devise.rb:350:in `new'
/home/carrieta/.rvm/gems/ruby-2.4.0/gems/devise-4.7.1/lib/devise.rb:350:in `add_mapping'
/home/carrieta/.rvm/gems/ruby-2.4.0/gems/devise-4.7.1/lib/devise/rails/routes.rb:243:in `block in devise_for'
/home/carrieta/.rvm/gems/ruby-2.4.0/gems/devise-4.7.1/lib/devise/rails/routes.rb:242:in `each'
/home/carrieta/.rvm/gems/ruby-2.4.0/gems/devise-4.7.1/lib/devise/rails/routes.rb:242:in `devise_for'
/home/carrieta/Desarrollo/www/RubyOnRails/soccerapp/config/routes.rb:45:in `block in <main>'
/home/carrieta/.rvm/gems/ruby-2.4.0/gems/actionpack-5.2.3/lib/action_dispatch/routing/route_set.rb:432:in `instance_exec'
/home/carrieta/.rvm/gems/ruby-2.4.0/gems/actionpack-5.2.3/lib/action_dispatch/routing/route_set.rb:432:in `eval_block'
/home/carrieta/.rvm/gems/ruby-2.4.0/gems/actionpack-5.2.3/lib/action_dispatch/routing/route_set.rb:414:in `draw'
/home/carrieta/Desarrollo/www/RubyOnRails/soccerapp/config/routes.rb:1:in `<main>'
/home/carrieta/.rvm/gems/ruby-2.4.0/gems/bootsnap-1.4.5/lib/bootsnap/load_path_cache/core_ext/kernel_require.rb:54:in `load'
/home/carrieta/.rvm/gems/ruby-2.4.0/gems/bootsnap-1.4.5/lib/bootsnap/load_path_cache/core_ext/kernel_require.rb:54:in `load'
/home/carrieta/.rvm/gems/ruby-2.4.0/gems/activesupport-5.2.3/lib/active_support/dependencies.rb:285:in `block in load'
/home/carrieta/.rvm/gems/ruby-2.4.0/gems/activesupport-5.2.3/lib/active_support/dependencies.rb:257:in `load_dependency'
/home/carrieta/.rvm/gems/ruby-2.4.0/gems/activesupport-5.2.3/lib/active_support/dependencies.rb:285:in `load'
/home/carrieta/.rvm/gems/ruby-2.4.0/gems/railties-5.2.3/lib/rails/application/routes_reloader.rb:41:in `block in load_paths'
/home/carrieta/.rvm/gems/ruby-2.4.0/gems/railties-5.2.3/lib/rails/application/routes_reloader.rb:41:in `each'
/home/carrieta/.rvm/gems/ruby-2.4.0/gems/railties-5.2.3/lib/rails/application/routes_reloader.rb:41:in `load_paths'
/home/carrieta/.rvm/gems/ruby-2.4.0/gems/railties-5.2.3/lib/rails/application/routes_reloader.rb:20:in `reload!'
/home/carrieta/.rvm/gems/ruby-2.4.0/gems/railties-5.2.3/lib/rails/application.rb:168:in `reload_routes!'
/home/carrieta/.rvm/gems/ruby-2.4.0/gems/devise-4.7.1/lib/devise/rails.rb:17:in `block in <class:Engine>'
/home/carrieta/.rvm/gems/ruby-2.4.0/gems/activesupport-5.2.3/lib/active_support/lazy_load_hooks.rb:69:in `block in execute_hook'
/home/carrieta/.rvm/gems/ruby-2.4.0/gems/activesupport-5.2.3/lib/active_support/lazy_load_hooks.rb:62:in `with_execution_control'
/home/carrieta/.rvm/gems/ruby-2.4.0/gems/activesupport-5.2.3/lib/active_support/lazy_load_hooks.rb:67:in `execute_hook'
/home/carrieta/.rvm/gems/ruby-2.4.0/gems/activesupport-5.2.3/lib/active_support/lazy_load_hooks.rb:52:in `block in run_load_hooks'
/home/carrieta/.rvm/gems/ruby-2.4.0/gems/activesupport-5.2.3/lib/active_support/lazy_load_hooks.rb:51:in `each'
/home/carrieta/.rvm/gems/ruby-2.4.0/gems/activesupport-5.2.3/lib/active_support/lazy_load_hooks.rb:51:in `run_load_hooks'
/home/carrieta/.rvm/gems/ruby-2.4.0/gems/railties-5.2.3/lib/rails/application/finisher.rb:68:in `block in <module:Finisher>'
/home/carrieta/.rvm/gems/ruby-2.4.0/gems/railties-5.2.3/lib/rails/initializable.rb:32:in `instance_exec'
/home/carrieta/.rvm/gems/ruby-2.4.0/gems/railties-5.2.3/lib/rails/initializable.rb:32:in `run'
/home/carrieta/.rvm/gems/ruby-2.4.0/gems/railties-5.2.3/lib/rails/initializable.rb:61:in `block in run_initializers'
/home/carrieta/.rvm/rubies/ruby-2.4.0/lib/ruby/2.4.0/tsort.rb:228:in `block in tsort_each'
/home/carrieta/.rvm/rubies/ruby-2.4.0/lib/ruby/2.4.0/tsort.rb:350:in `block (2 levels) in each_strongly_connected_component'
/home/carrieta/.rvm/rubies/ruby-2.4.0/lib/ruby/2.4.0/tsort.rb:431:in `each_strongly_connected_component_from'
/home/carrieta/.rvm/rubies/ruby-2.4.0/lib/ruby/2.4.0/tsort.rb:349:in `block in each_strongly_connected_component'
/home/carrieta/.rvm/rubies/ruby-2.4.0/lib/ruby/2.4.0/tsort.rb:347:in `each'
/home/carrieta/.rvm/rubies/ruby-2.4.0/lib/ruby/2.4.0/tsort.rb:347:in `call'
/home/carrieta/.rvm/rubies/ruby-2.4.0/lib/ruby/2.4.0/tsort.rb:347:in `each_strongly_connected_component'
/home/carrieta/.rvm/rubies/ruby-2.4.0/lib/ruby/2.4.0/tsort.rb:226:in `tsort_each'
/home/carrieta/.rvm/rubies/ruby-2.4.0/lib/ruby/2.4.0/tsort.rb:205:in `tsort_each'
/home/carrieta/.rvm/gems/ruby-2.4.0/gems/railties-5.2.3/lib/rails/initializable.rb:60:in `run_initializers'
/home/carrieta/.rvm/gems/ruby-2.4.0/gems/railties-5.2.3/lib/rails/application.rb:361:in `initialize!'
/home/carrieta/Desarrollo/www/RubyOnRails/soccerapp/config/environment.rb:5:in `<top (required)>'
/home/carrieta/.rvm/gems/ruby-2.4.0/gems/sidekiq-5.2.7/lib/sidekiq/cli.rb:288:in `require'
/home/carrieta/.rvm/gems/ruby-2.4.0/gems/sidekiq-5.2.7/lib/sidekiq/cli.rb:288:in `boot_system'
/home/carrieta/.rvm/gems/ruby-2.4.0/gems/sidekiq-5.2.7/lib/sidekiq/cli.rb:46:in `run'
/home/carrieta/.rvm/gems/ruby-2.4.0/gems/sidekiq-5.2.7/bin/sidekiq:12:in `<top (required)>'
/home/carrieta/.rvm/gems/ruby-2.4.0/bin/sidekiq:23:in `load'
/home/carrieta/.rvm/gems/ruby-2.4.0/bin/sidekiq:23:in `<main>'
/home/carrieta/.rvm/gems/ruby-2.4.0/bin/ruby_executable_hooks:24:in `eval'
/home/carrieta/.rvm/gems/ruby-2.4.0/bin/ruby_executable_hooks:24:in `<main>'
2019-12-02T04:18:30.558Z 21961 TID-gtir60bux INFO: Booting Sidekiq 5.2.7 with redis options {:url=>"redis://localhost:6379/0", :id=>"Sidekiq-server-PID-21961"}
2019-12-02T04:18:30.784Z 21961 TID-gtir60bux INFO: Running in ruby 2.4.0p0 (2016-12-24 revision 57164) [x86_64-linux]
2019-12-02T04:18:30.784Z 21961 TID-gtir60bux INFO: See LICENSE and the LGPL-3.0 for licensing details.
2019-12-02T04:18:30.785Z 21961 TID-gtir60bux INFO: Upgrade to Sidekiq Pro for more features and support: http://sidekiq.org
2019-12-02T04:18:41.688Z 21989 TID-gn1gub8kl INFO: Booting Sidekiq 5.2.7 with redis options {:url=>"redis://localhost:6379/0", :id=>"Sidekiq-server-PID-21989"}
2019-12-02T04:18:41.916Z 21989 TID-gn1gub8kl INFO: Running in ruby 2.4.0p0 (2016-12-24 revision 57164) [x86_64-linux]
2019-12-02T04:18:41.916Z 21989 TID-gn1gub8kl INFO: See LICENSE and the LGPL-3.0 for licensing details.
2019-12-02T04:18:41.916Z 21989 TID-gn1gub8kl INFO: Upgrade to Sidekiq Pro for more features and support: http://sidekiq.org
2019-12-02T04:18:47.922Z 22009 TID-gnfpr4k61 INFO: Booting Sidekiq 5.2.7 with redis options {:url=>"redis://localhost:6379/0", :id=>"Sidekiq-server-PID-22009"}
2019-12-02T04:18:48.150Z 22009 TID-gnfpr4k61 INFO: Running in ruby 2.4.0p0 (2016-12-24 revision 57164) [x86_64-linux]
2019-12-02T04:18:48.150Z 22009 TID-gnfpr4k61 INFO: See LICENSE and the LGPL-3.0 for licensing details.
2019-12-02T04:18:48.150Z 22009 TID-gnfpr4k61 INFO: Upgrade to Sidekiq Pro for more features and support: http://sidekiq.org
2019-12-02T04:18:48.163Z 22009 TID-gnfpr4k61 INFO: Starting processing, hit Ctrl-C to stop
2019-12-02T04:24:23.979Z 22009 TID-gnfpr4k61 INFO: Shutting down
2019-12-02T04:24:23.980Z 22009 TID-gnfpr4k61 INFO: Terminating quiet workers
2019-12-02T04:24:23.982Z 22009 TID-gnfqaypwp INFO: Scheduler exiting...
2019-12-02T04:24:24.082Z 22009 TID-gnfpr4k61 INFO: Pausing to allow workers to finish...
2019-12-02T04:24:26.184Z 22009 TID-gnfpr4k61 INFO: Bye!
2019-12-02T04:29:51.043Z 21961 TID-gtir60bux INFO: Shutting down
2019-12-02T04:29:51.043Z 21961 TID-gtir60bux INFO: Terminating quiet workers
2019-12-02T04:29:51.043Z 21961 TID-gtirpwg4t INFO: Scheduler exiting...
2019-12-02T04:29:51.144Z 21961 TID-gtir60bux INFO: Pausing to allow workers to finish...
2019-12-02T04:29:51.948Z 21961 TID-gtir60bux INFO: Bye!
2019-12-02T04:29:52.189Z 21989 TID-gn1gub8kl INFO: Shutting down
2019-12-02T04:29:52.190Z 21989 TID-gn1gub8kl INFO: Terminating quiet workers
2019-12-02T04:29:52.190Z 21989 TID-gn1h2jvrx INFO: Scheduler exiting...
2019-12-02T04:29:52.290Z 21989 TID-gn1gub8kl INFO: Pausing to allow workers to finish...
2019-12-02T04:29:54.293Z 21989 TID-gn1gub8kl INFO: Bye!
